{
  "RSpec": {
    "coverage": {
      "/Users/pallavideshmukh/rubyclass/Rectangle_boot_camp/lib/rectangle.rb": [
        1,
        null,
        1,
        2,
        2,
        null,
        null,
        1,
        2,
        null,
        null,
        null
      ],
      "/Users/pallavideshmukh/rubyclass/Rectangle_boot_camp/lib/length.rb": [
        1,
        1,
        null,
        1,
        6,
        null,
        null,
        null
      ],
      "/Users/pallavideshmukh/rubyclass/Rectangle_boot_camp/spec/rectangle_spec.rb": [
        1,
        null,
        1,
        null,
        1,
        null,
        1,
        1,
        1,
        1,
        1,
        null,
        null,
        1,
        1,
        1,
        1,
        1,
        null,
        null,
        null,
        null,
        null
      ]
    },
    "timestamp": 1433481122
  }
}
